c:\users\logie\onedrive - des moines area community college\snhu\intro to programming languages\bankingproject\bankingproject\x64\debug\vc143.pdb
c:\users\logie\onedrive - des moines area community college\snhu\intro to programming languages\bankingproject\bankingproject\x64\debug\vc143.idb
c:\users\logie\onedrive - des moines area community college\snhu\intro to programming languages\bankingproject\bankingproject\x64\debug\investment.obj
c:\users\logie\onedrive - des moines area community college\snhu\intro to programming languages\bankingproject\bankingproject\x64\debug\bankingproject.obj
c:\users\logie\onedrive - des moines area community college\snhu\intro to programming languages\bankingproject\x64\debug\bankingproject.pdb
c:\users\logie\onedrive - des moines area community college\snhu\intro to programming languages\bankingproject\bankingproject\x64\debug\bankingproject.tlog\cl.command.1.tlog
c:\users\logie\onedrive - des moines area community college\snhu\intro to programming languages\bankingproject\bankingproject\x64\debug\bankingproject.tlog\cl.items.tlog
c:\users\logie\onedrive - des moines area community college\snhu\intro to programming languages\bankingproject\bankingproject\x64\debug\bankingproject.tlog\cl.read.1.tlog
c:\users\logie\onedrive - des moines area community college\snhu\intro to programming languages\bankingproject\bankingproject\x64\debug\bankingproject.tlog\cl.write.1.tlog
c:\users\logie\onedrive - des moines area community college\snhu\intro to programming languages\bankingproject\bankingproject\x64\debug\bankingproject.tlog\link-cvtres.read.1.tlog
c:\users\logie\onedrive - des moines area community college\snhu\intro to programming languages\bankingproject\bankingproject\x64\debug\bankingproject.tlog\link-cvtres.write.1.tlog
c:\users\logie\onedrive - des moines area community college\snhu\intro to programming languages\bankingproject\bankingproject\x64\debug\bankingproject.tlog\link-rc.read.1.tlog
c:\users\logie\onedrive - des moines area community college\snhu\intro to programming languages\bankingproject\bankingproject\x64\debug\bankingproject.tlog\link-rc.write.1.tlog
c:\users\logie\onedrive - des moines area community college\snhu\intro to programming languages\bankingproject\bankingproject\x64\debug\bankingproject.tlog\link.17236-cvtres.read.1.tlog
c:\users\logie\onedrive - des moines area community college\snhu\intro to programming languages\bankingproject\bankingproject\x64\debug\bankingproject.tlog\link.17236-cvtres.write.1.tlog
c:\users\logie\onedrive - des moines area community college\snhu\intro to programming languages\bankingproject\bankingproject\x64\debug\bankingproject.tlog\link.17236-rc.read.1.tlog
c:\users\logie\onedrive - des moines area community college\snhu\intro to programming languages\bankingproject\bankingproject\x64\debug\bankingproject.tlog\link.17236-rc.write.1.tlog
c:\users\logie\onedrive - des moines area community college\snhu\intro to programming languages\bankingproject\bankingproject\x64\debug\bankingproject.tlog\link.17236.read.1.tlog
c:\users\logie\onedrive - des moines area community college\snhu\intro to programming languages\bankingproject\bankingproject\x64\debug\bankingproject.tlog\link.17236.read.2.tlog
c:\users\logie\onedrive - des moines area community college\snhu\intro to programming languages\bankingproject\bankingproject\x64\debug\bankingproject.tlog\link.17236.write.1.tlog
c:\users\logie\onedrive - des moines area community college\snhu\intro to programming languages\bankingproject\bankingproject\x64\debug\bankingproject.tlog\link.command.1.tlog
c:\users\logie\onedrive - des moines area community college\snhu\intro to programming languages\bankingproject\bankingproject\x64\debug\bankingproject.tlog\link.read.1.tlog
c:\users\logie\onedrive - des moines area community college\snhu\intro to programming languages\bankingproject\bankingproject\x64\debug\bankingproject.tlog\link.read.2.tlog
c:\users\logie\onedrive - des moines area community college\snhu\intro to programming languages\bankingproject\bankingproject\x64\debug\bankingproject.tlog\link.read.3.tlog
c:\users\logie\onedrive - des moines area community college\snhu\intro to programming languages\bankingproject\bankingproject\x64\debug\bankingproject.tlog\link.write.1.tlog
